# JRE version: OpenJDK Runtime Environment (11.0.10) (build 11.0.10+0-b96-7249189)
# Java VM: OpenJDK 64-Bit Server VM (11.0.10+0-b96-7249189, mixed mode, tiered, compressed oops, g1 gc, windows-amd64)
Heap:
 garbage-first heap   total 260096K, used 149999K [0x0000000080000000, 0x0000000100000000)
  region size 1024K, 122 young (124928K), 19 survivors (19456K)
 Metaspace       used 67579K, capacity 69213K, committed 69324K, reserved 1110016K
  class space    used 8754K, capacity 9382K, committed 9472K, reserved 1048576K
GC Heap History (14 events):
Event: 0.770 GC heap before
{Heap before GC invocations=0 (full 0):
 garbage-first heap   total 260096K, used 29696K [0x0000000080000000, 0x0000000100000000)
  region size 1024K, 24 young (24576K), 0 survivors (0K)
 Metaspace       used 10223K, capacity 10485K, committed 10624K, reserved 1058816K
  class space    used 1063K, capacity 1139K, committed 1152K, reserved 1048576K
}
Event: 0.774 GC heap after
{Heap after GC invocations=1 (full 0):
 garbage-first heap   total 260096K, used 9274K [0x0000000080000000, 0x0000000100000000)
  region size 1024K, 3 young (3072K), 3 survivors (3072K)
 Metaspace       used 10223K, capacity 10485K, committed 10624K, reserved 1058816K
  class space    used 1063K, capacity 1139K, committed 1152K, reserved 1048576K
}
Event: 1.393 GC heap before
{Heap before GC invocations=1 (full 0):
 garbage-first heap   total 260096K, used 62522K [0x0000000080000000, 0x0000000100000000)
  region size 1024K, 55 young (56320K), 3 survivors (3072K)
 Metaspace       used 12377K, capacity 12751K, committed 13056K, reserved 1060864K
  class space    used 1358K, capacity 1446K, committed 1536K, reserved 1048576K
}
Event: 1.398 GC heap after
{Heap after GC invocations=2 (full 0):
 garbage-first heap   total 260096K, used 14518K [0x0000000080000000, 0x0000000100000000)
  region size 1024K, 7 young (7168K), 7 survivors (7168K)
 Metaspace       used 12377K, capacity 12751K, committed 13056K, reserved 1060864K
  class space    used 1358K, capacity 1446K, committed 1536K, reserved 1048576K
}
Event: 3.839 GC heap before
{Heap before GC invocations=2 (full 0):
 garbage-first heap   total 260096K, used 58550K [0x0000000080000000, 0x0000000100000000)
  region size 1024K, 51 young (52224K), 7 survivors (7168K)
 Metaspace       used 20603K, capacity 21088K, committed 21248K, reserved 1067008K
  class space    used 2504K, capacity 2690K, committed 2816K, reserved 1048576K
}
Event: 3.847 GC heap after
{Heap after GC invocations=3 (full 0):
 garbage-first heap   total 260096K, used 17096K [0x0000000080000000, 0x0000000100000000)
  region size 1024K, 7 young (7168K), 7 survivors (7168K)
 Metaspace       used 20603K, capacity 21088K, committed 21248K, reserved 1067008K
  class space    used 2504K, capacity 2690K, committed 2816K, reserved 1048576K
}
Event: 4.531 GC heap before
{Heap before GC invocations=4 (full 0):
 garbage-first heap   total 260096K, used 85704K [0x0000000080000000, 0x0000000100000000)
  region size 1024K, 74 young (75776K), 7 survivors (7168K)
 Metaspace       used 26991K, capacity 27703K, committed 27904K, reserved 1073152K
  class space    used 3549K, capacity 3795K, committed 3840K, reserved 1048576K
}
Event: 4.539 GC heap after
{Heap after GC invocations=5 (full 0):
 garbage-first heap   total 260096K, used 19271K [0x0000000080000000, 0x0000000100000000)
  region size 1024K, 5 young (5120K), 5 survivors (5120K)
 Metaspace       used 26991K, capacity 27703K, committed 27904K, reserved 1073152K
  class space    used 3549K, capacity 3795K, committed 3840K, reserved 1048576K
}
Event: 5.221 GC heap before
{Heap before GC invocations=5 (full 0):
 garbage-first heap   total 260096K, used 61255K [0x0000000080000000, 0x0000000100000000)
  region size 1024K, 48 young (49152K), 5 survivors (5120K)
 Metaspace       used 35027K, capacity 35790K, committed 35840K, reserved 1081344K
  class space    used 4534K, capacity 4832K, committed 4864K, reserved 1048576K
}
Event: 5.232 GC heap after
{Heap after GC invocations=6 (full 0):
 garbage-first heap   total 260096K, used 22395K [0x0000000080000000, 0x0000000100000000)
  region size 1024K, 8 young (8192K), 8 survivors (8192K)
 Metaspace       used 35027K, capacity 35790K, committed 35840K, reserved 1081344K
  class space    used 4534K, capacity 4832K, committed 4864K, reserved 1048576K
}
Event: 6.662 GC heap before
{Heap before GC invocations=7 (full 0):
 garbage-first heap   total 260096K, used 154491K [0x0000000080000000, 0x0000000100000000)
  region size 1024K, 134 young (137216K), 8 survivors (8192K)
 Metaspace       used 45711K, capacity 46889K, committed 46976K, reserved 1089536K
  class space    used 5866K, capacity 6262K, committed 6272K, reserved 1048576K
}
Event: 6.674 GC heap after
{Heap after GC invocations=8 (full 0):
 garbage-first heap   total 260096K, used 29083K [0x0000000080000000, 0x0000000100000000)
  region size 1024K, 14 young (14336K), 14 survivors (14336K)
 Metaspace       used 45711K, capacity 46889K, committed 46976K, reserved 1089536K
  class space    used 5866K, capacity 6262K, committed 6272K, reserved 1048576K
}
Event: 8.330 GC heap before
{Heap before GC invocations=8 (full 0):
 garbage-first heap   total 260096K, used 155035K [0x0000000080000000, 0x0000000100000000)
  region size 1024K, 135 young (138240K), 14 survivors (14336K)
 Metaspace       used 58418K, capacity 59940K, committed 60160K, reserved 1101824K
  class space    used 7413K, capacity 7927K, committed 7936K, reserved 1048576K
}
Event: 8.355 GC heap after
{Heap after GC invocations=9 (full 0):
 garbage-first heap   total 260096K, used 45551K [0x0000000080000000, 0x0000000100000000)
  region size 1024K, 19 young (19456K), 19 survivors (19456K)
 Metaspace       used 58418K, capacity 59940K, committed 60160K, reserved 1101824K
  class space    used 7413K, capacity 7927K, committed 7936K, reserved 1048576K
}

