# JRE version: OpenJDK Runtime Environment (11.0.10) (build 11.0.10+0-b96-7249189)
# Java VM: OpenJDK 64-Bit Server VM (11.0.10+0-b96-7249189, mixed mode, tiered, compressed oops, g1 gc, windows-amd64)
Heap:
 garbage-first heap   total 260096K, used 201562K [0x0000000080000000, 0x0000000100000000)
  region size 1024K, 136 young (139264K), 16 survivors (16384K)
 Metaspace       used 85684K, capacity 87991K, committed 88268K, reserved 1126400K
  class space    used 11130K, capacity 11927K, committed 11980K, reserved 1048576K
GC Heap History (16 events):
Event: 0.704 GC heap before
{Heap before GC invocations=0 (full 0):
 garbage-first heap   total 260096K, used 29696K [0x0000000080000000, 0x0000000100000000)
  region size 1024K, 24 young (24576K), 0 survivors (0K)
 Metaspace       used 10213K, capacity 10485K, committed 10624K, reserved 1058816K
  class space    used 1063K, capacity 1139K, committed 1152K, reserved 1048576K
}
Event: 0.709 GC heap after
{Heap after GC invocations=1 (full 0):
 garbage-first heap   total 260096K, used 9548K [0x0000000080000000, 0x0000000100000000)
  region size 1024K, 3 young (3072K), 3 survivors (3072K)
 Metaspace       used 10213K, capacity 10485K, committed 10624K, reserved 1058816K
  class space    used 1063K, capacity 1139K, committed 1152K, reserved 1048576K
}
Event: 3.820 GC heap before
{Heap before GC invocations=1 (full 0):
 garbage-first heap   total 260096K, used 105804K [0x0000000080000000, 0x0000000100000000)
  region size 1024K, 98 young (100352K), 3 survivors (3072K)
 Metaspace       used 20593K, capacity 21089K, committed 21248K, reserved 1067008K
  class space    used 2506K, capacity 2690K, committed 2816K, reserved 1048576K
}
Event: 3.829 GC heap after
{Heap after GC invocations=2 (full 0):
 garbage-first heap   total 260096K, used 16930K [0x0000000080000000, 0x0000000100000000)
  region size 1024K, 11 young (11264K), 11 survivors (11264K)
 Metaspace       used 20593K, capacity 21089K, committed 21248K, reserved 1067008K
  class space    used 2506K, capacity 2690K, committed 2816K, reserved 1048576K
}
Event: 4.560 GC heap before
{Heap before GC invocations=3 (full 0):
 garbage-first heap   total 260096K, used 79394K [0x0000000080000000, 0x0000000100000000)
  region size 1024K, 72 young (73728K), 11 survivors (11264K)
 Metaspace       used 26558K, capacity 27261K, committed 27392K, reserved 1073152K
  class space    used 3494K, capacity 3755K, committed 3840K, reserved 1048576K
}
Event: 4.567 GC heap after
{Heap after GC invocations=4 (full 0):
 garbage-first heap   total 260096K, used 18821K [0x0000000080000000, 0x0000000100000000)
  region size 1024K, 3 young (3072K), 3 survivors (3072K)
 Metaspace       used 26558K, capacity 27261K, committed 27392K, reserved 1073152K
  class space    used 3494K, capacity 3755K, committed 3840K, reserved 1048576K
}
Event: 5.309 GC heap before
{Heap before GC invocations=4 (full 0):
 garbage-first heap   total 260096K, used 65925K [0x0000000080000000, 0x0000000100000000)
  region size 1024K, 51 young (52224K), 3 survivors (3072K)
 Metaspace       used 35059K, capacity 35823K, committed 35840K, reserved 1081344K
  class space    used 4539K, capacity 4864K, committed 4864K, reserved 1048576K
}
Event: 5.318 GC heap after
{Heap after GC invocations=5 (full 0):
 garbage-first heap   total 260096K, used 21822K [0x0000000080000000, 0x0000000100000000)
  region size 1024K, 6 young (6144K), 6 survivors (6144K)
 Metaspace       used 35059K, capacity 35823K, committed 35840K, reserved 1081344K
  class space    used 4539K, capacity 4864K, committed 4864K, reserved 1048576K
}
Event: 6.890 GC heap before
{Heap before GC invocations=6 (full 0):
 garbage-first heap   total 260096K, used 150846K [0x0000000080000000, 0x0000000100000000)
  region size 1024K, 129 young (132096K), 6 survivors (6144K)
 Metaspace       used 45509K, capacity 46591K, committed 46796K, reserved 1089536K
  class space    used 5845K, capacity 6226K, committed 6348K, reserved 1048576K
}
Event: 6.901 GC heap after
{Heap after GC invocations=7 (full 0):
 garbage-first heap   total 260096K, used 28438K [0x0000000080000000, 0x0000000100000000)
  region size 1024K, 12 young (12288K), 12 survivors (12288K)
 Metaspace       used 45509K, capacity 46591K, committed 46796K, reserved 1089536K
  class space    used 5845K, capacity 6226K, committed 6348K, reserved 1048576K
}
Event: 9.079 GC heap before
{Heap before GC invocations=7 (full 0):
 garbage-first heap   total 260096K, used 158486K [0x0000000080000000, 0x0000000100000000)
  region size 1024K, 136 young (139264K), 12 survivors (12288K)
 Metaspace       used 58671K, capacity 60215K, committed 60236K, reserved 1101824K
  class space    used 7451K, capacity 7996K, committed 8012K, reserved 1048576K
}
Event: 9.110 GC heap after
{Heap after GC invocations=8 (full 0):
 garbage-first heap   total 260096K, used 43872K [0x0000000080000000, 0x0000000100000000)
  region size 1024K, 19 young (19456K), 19 survivors (19456K)
 Metaspace       used 58671K, capacity 60215K, committed 60236K, reserved 1101824K
  class space    used 7451K, capacity 7996K, committed 8012K, reserved 1048576K
}
Event: 10.962 GC heap before
{Heap before GC invocations=9 (full 0):
 garbage-first heap   total 260096K, used 180064K [0x0000000080000000, 0x0000000100000000)
  region size 1024K, 152 young (155648K), 19 survivors (19456K)
 Metaspace       used 70611K, capacity 72444K, committed 72652K, reserved 1112064K
  class space    used 9194K, capacity 9830K, committed 9932K, reserved 1048576K
}
Event: 10.990 GC heap after
{Heap after GC invocations=10 (full 0):
 garbage-first heap   total 260096K, used 54506K [0x0000000080000000, 0x0000000100000000)
  region size 1024K, 11 young (11264K), 11 survivors (11264K)
 Metaspace       used 70611K, capacity 72444K, committed 72652K, reserved 1112064K
  class space    used 9194K, capacity 9830K, committed 9932K, reserved 1048576K
}
Event: 12.945 GC heap before
{Heap before GC invocations=10 (full 0):
 garbage-first heap   total 260096K, used 189674K [0x0000000080000000, 0x0000000100000000)
  region size 1024K, 143 young (146432K), 11 survivors (11264K)
 Metaspace       used 80629K, capacity 82891K, committed 83148K, reserved 1120256K
  class space    used 10558K, capacity 11392K, committed 11468K, reserved 1048576K
}
Event: 12.968 GC heap after
{Heap after GC invocations=11 (full 0):
 garbage-first heap   total 260096K, used 70490K [0x0000000080000000, 0x0000000100000000)
  region size 1024K, 16 young (16384K), 16 survivors (16384K)
 Metaspace       used 80629K, capacity 82891K, committed 83148K, reserved 1120256K
  class space    used 10558K, capacity 11392K, committed 11468K, reserved 1048576K
}

