# JRE version: OpenJDK Runtime Environment (11.0.10) (build 11.0.10+0-b96-7249189)
# Java VM: OpenJDK 64-Bit Server VM (11.0.10+0-b96-7249189, mixed mode, tiered, compressed oops, g1 gc, windows-amd64)
Heap:
 garbage-first heap   total 260096K, used 80612K [0x0000000080000000, 0x0000000100000000)
  region size 1024K, 29 young (29696K), 7 survivors (7168K)
 Metaspace       used 78321K, capacity 80472K, committed 80512K, reserved 1118208K
  class space    used 10325K, capacity 11128K, committed 11136K, reserved 1048576K
GC Heap History (20 events):
Event: 1.071 GC heap before
{Heap before GC invocations=1 (full 0):
 garbage-first heap   total 260096K, used 31846K [0x0000000080000000, 0x0000000100000000)
  region size 1024K, 25 young (25600K), 3 survivors (3072K)
 Metaspace       used 11133K, capacity 11438K, committed 11520K, reserved 1058816K
  class space    used 1165K, capacity 1243K, committed 1280K, reserved 1048576K
}
Event: 1.074 GC heap after
{Heap after GC invocations=2 (full 0):
 garbage-first heap   total 260096K, used 9955K [0x0000000080000000, 0x0000000100000000)
  region size 1024K, 1 young (1024K), 1 survivors (1024K)
 Metaspace       used 11133K, capacity 11438K, committed 11520K, reserved 1058816K
  class space    used 1165K, capacity 1243K, committed 1280K, reserved 1048576K
}
Event: 3.573 GC heap before
{Heap before GC invocations=2 (full 0):
 garbage-first heap   total 260096K, used 64227K [0x0000000080000000, 0x0000000100000000)
  region size 1024K, 54 young (55296K), 1 survivors (1024K)
 Metaspace       used 17991K, capacity 18445K, committed 18688K, reserved 1064960K
  class space    used 2136K, capacity 2272K, committed 2304K, reserved 1048576K
}
Event: 3.578 GC heap after
{Heap after GC invocations=3 (full 0):
 garbage-first heap   total 260096K, used 16558K [0x0000000080000000, 0x0000000100000000)
  region size 1024K, 7 young (7168K), 7 survivors (7168K)
 Metaspace       used 17991K, capacity 18445K, committed 18688K, reserved 1064960K
  class space    used 2136K, capacity 2272K, committed 2304K, reserved 1048576K
}
Event: 3.787 GC heap before
{Heap before GC invocations=3 (full 0):
 garbage-first heap   total 260096K, used 36014K [0x0000000080000000, 0x0000000100000000)
  region size 1024K, 28 young (28672K), 7 survivors (7168K)
 Metaspace       used 20601K, capacity 21088K, committed 21248K, reserved 1067008K
  class space    used 2508K, capacity 2690K, committed 2816K, reserved 1048576K
}
Event: 3.794 GC heap after
{Heap after GC invocations=4 (full 0):
 garbage-first heap   total 260096K, used 16751K [0x0000000080000000, 0x0000000100000000)
  region size 1024K, 1 young (1024K), 1 survivors (1024K)
 Metaspace       used 20601K, capacity 21088K, committed 21248K, reserved 1067008K
  class space    used 2508K, capacity 2690K, committed 2816K, reserved 1048576K
}
Event: 4.627 GC heap before
{Heap before GC invocations=5 (full 0):
 garbage-first heap   total 260096K, used 90479K [0x0000000080000000, 0x0000000100000000)
  region size 1024K, 73 young (74752K), 1 survivors (1024K)
 Metaspace       used 27708K, capacity 28364K, committed 28544K, reserved 1073152K
  class space    used 3673K, capacity 3929K, committed 3968K, reserved 1048576K
}
Event: 4.631 GC heap after
{Heap after GC invocations=6 (full 0):
 garbage-first heap   total 260096K, used 19047K [0x0000000080000000, 0x0000000100000000)
  region size 1024K, 3 young (3072K), 3 survivors (3072K)
 Metaspace       used 27708K, capacity 28364K, committed 28544K, reserved 1073152K
  class space    used 3673K, capacity 3929K, committed 3968K, reserved 1048576K
}
Event: 5.199 GC heap before
{Heap before GC invocations=6 (full 0):
 garbage-first heap   total 260096K, used 55911K [0x0000000080000000, 0x0000000100000000)
  region size 1024K, 40 young (40960K), 3 survivors (3072K)
 Metaspace       used 35033K, capacity 35790K, committed 35840K, reserved 1081344K
  class space    used 4539K, capacity 4832K, committed 4864K, reserved 1048576K
}
Event: 5.212 GC heap after
{Heap after GC invocations=7 (full 0):
 garbage-first heap   total 260096K, used 22026K [0x0000000080000000, 0x0000000100000000)
  region size 1024K, 6 young (6144K), 6 survivors (6144K)
 Metaspace       used 35033K, capacity 35790K, committed 35840K, reserved 1081344K
  class space    used 4539K, capacity 4832K, committed 4864K, reserved 1048576K
}
Event: 6.284 GC heap before
{Heap before GC invocations=8 (full 0):
 garbage-first heap   total 260096K, used 120330K [0x0000000080000000, 0x0000000100000000)
  region size 1024K, 99 young (101376K), 6 survivors (6144K)
 Metaspace       used 43139K, capacity 44122K, committed 44288K, reserved 1087488K
  class space    used 5502K, capacity 5849K, committed 5888K, reserved 1048576K
}
Event: 6.295 GC heap after
{Heap after GC invocations=9 (full 0):
 garbage-first heap   total 260096K, used 27827K [0x0000000080000000, 0x0000000100000000)
  region size 1024K, 12 young (12288K), 12 survivors (12288K)
 Metaspace       used 43139K, capacity 44122K, committed 44288K, reserved 1087488K
  class space    used 5502K, capacity 5849K, committed 5888K, reserved 1048576K
}
Event: 7.664 GC heap before
{Heap before GC invocations=9 (full 0):
 garbage-first heap   total 260096K, used 140467K [0x0000000080000000, 0x0000000100000000)
  region size 1024K, 119 young (121856K), 12 survivors (12288K)
 Metaspace       used 51123K, capacity 52477K, committed 52608K, reserved 1095680K
  class space    used 6530K, capacity 7019K, committed 7040K, reserved 1048576K
}
Event: 7.680 GC heap after
{Heap after GC invocations=10 (full 0):
 garbage-first heap   total 260096K, used 41981K [0x0000000080000000, 0x0000000100000000)
  region size 1024K, 15 young (15360K), 15 survivors (15360K)
 Metaspace       used 51123K, capacity 52477K, committed 52608K, reserved 1095680K
  class space    used 6530K, capacity 7019K, committed 7040K, reserved 1048576K
}
Event: 8.389 GC heap before
{Heap before GC invocations=10 (full 0):
 garbage-first heap   total 260096K, used 88061K [0x0000000080000000, 0x0000000100000000)
  region size 1024K, 61 young (62464K), 15 survivors (15360K)
 Metaspace       used 58487K, capacity 60063K, committed 60160K, reserved 1101824K
  class space    used 7429K, capacity 7990K, committed 8064K, reserved 1048576K
}
Event: 8.405 GC heap after
{Heap after GC invocations=11 (full 0):
 garbage-first heap   total 260096K, used 45572K [0x0000000080000000, 0x0000000100000000)
  region size 1024K, 4 young (4096K), 4 survivors (4096K)
 Metaspace       used 58487K, capacity 60063K, committed 60160K, reserved 1101824K
  class space    used 7429K, capacity 7990K, committed 8064K, reserved 1048576K
}
Event: 9.511 GC heap before
{Heap before GC invocations=12 (full 0):
 garbage-first heap   total 260096K, used 142852K [0x0000000080000000, 0x0000000100000000)
  region size 1024K, 99 young (101376K), 4 survivors (4096K)
 Metaspace       used 66568K, capacity 68254K, committed 68352K, reserved 1107968K
  class space    used 8610K, capacity 9214K, committed 9216K, reserved 1048576K
}
Event: 9.525 GC heap after
{Heap after GC invocations=13 (full 0):
 garbage-first heap   total 260096K, used 52682K [0x0000000080000000, 0x0000000100000000)
  region size 1024K, 11 young (11264K), 11 survivors (11264K)
 Metaspace       used 66568K, capacity 68254K, committed 68352K, reserved 1107968K
  class space    used 8610K, capacity 9214K, committed 9216K, reserved 1048576K
}
Event: 10.996 GC heap before
{Heap before GC invocations=14 (full 0):
 garbage-first heap   total 260096K, used 154058K [0x0000000080000000, 0x0000000100000000)
  region size 1024K, 111 young (113664K), 11 survivors (11264K)
 Metaspace       used 76903K, capacity 78807K, committed 78976K, reserved 1118208K
  class space    used 10078K, capacity 10768K, committed 10880K, reserved 1048576K
}
Event: 11.008 GC heap after
{Heap after GC invocations=15 (full 0):
 garbage-first heap   total 260096K, used 59108K [0x0000000080000000, 0x0000000100000000)
  region size 1024K, 7 young (7168K), 7 survivors (7168K)
 Metaspace       used 76903K, capacity 78807K, committed 78976K, reserved 1118208K
  class space    used 10078K, capacity 10768K, committed 10880K, reserved 1048576K
}

